<?xml version="1.0" encoding="UTF-8"?>
<testsuite xmlns:xsi="http://www.w3.org/2001/XMLSchema-instance" xsi:noNamespaceSchemaLocation="https://maven.apache.org/surefire/maven-surefire-plugin/xsd/surefire-test-report-3.0.xsd" version="3.0" name="com.TextGraphTest" time="1.205" tests="7" errors="0" skipped="0" failures="0">
  <properties>
[...]
</properties>
  <testcase name="testCalcShortestPath_IsolatedNode" classname="com.TextGraphTest" time="1.166"/>
  <testcase name="testCalcShortestPath_SameWord" classname="com.TextGraphTest" time="0.006"/>
  <testcase name="testCalcShortestPath_NoPath" classname="com.TextGraphTest" time="0.004"/>
  <testcase name="testCalcShortestPath_ValidPath" classname="com.TextGraphTest" time="0.006"/>
  <testcase name="testCalcShortestPath_CaseInsensitive" classname="com.TextGraphTest" time="0.005"/>
  <testcase name="testCalcShortestPath_NonExistentWord" classname="com.TextGraphTest" time="0.007"/>
  <testcase name="testCalcShortestPath_IntermediateNode" classname="com.TextGraphTest" time="0.005"/>
</testsuite>